c:\users\alimg\desktop\second year\second semester\graphics\componentframework1.0.3\componentframework\debug\vc141.pdb
c:\users\alimg\desktop\second year\second semester\graphics\componentframework1.0.3\componentframework\debug\vc141.idb
c:\users\alimg\desktop\second year\second semester\graphics\componentframework1.0.3\componentframework\debug\camera.obj
c:\users\alimg\desktop\second year\second semester\graphics\componentframework1.0.3\componentframework\debug\debug.obj
c:\users\alimg\desktop\second year\second semester\graphics\componentframework1.0.3\componentframework\debug\gameobject.obj
c:\users\alimg\desktop\second year\second semester\graphics\componentframework1.0.3\componentframework\debug\gamescenemanager.obj
c:\users\alimg\desktop\second year\second semester\graphics\componentframework1.0.3\componentframework\debug\main.obj
c:\users\alimg\desktop\second year\second semester\graphics\componentframework1.0.3\componentframework\debug\mesh.obj
c:\users\alimg\desktop\second year\second semester\graphics\componentframework1.0.3\componentframework\debug\mmath.obj
c:\users\alimg\desktop\second year\second semester\graphics\componentframework1.0.3\componentframework\debug\objloader.obj
c:\users\alimg\desktop\second year\second semester\graphics\componentframework1.0.3\componentframework\debug\scene0.obj
c:\users\alimg\desktop\second year\second semester\graphics\componentframework1.0.3\componentframework\debug\scene1.obj
c:\users\alimg\desktop\second year\second semester\graphics\componentframework1.0.3\componentframework\debug\shader.obj
c:\users\alimg\desktop\second year\second semester\graphics\componentframework1.0.3\componentframework\debug\texture.obj
c:\users\alimg\desktop\second year\second semester\graphics\componentframework1.0.3\componentframework\debug\timer.obj
c:\users\alimg\desktop\second year\second semester\graphics\componentframework1.0.3\componentframework\debug\vmath.obj
c:\users\alimg\desktop\second year\second semester\graphics\componentframework1.0.3\componentframework\debug\window.obj
c:\users\alimg\desktop\second year\second semester\graphics\componentframework1.0.3\debug\componentframework.ilk
c:\users\alimg\desktop\second year\second semester\graphics\componentframework1.0.3\debug\componentframework.exe
c:\users\alimg\desktop\second year\second semester\graphics\componentframework1.0.3\debug\componentframework.pdb
c:\users\alimg\desktop\second year\second semester\graphics\componentframework1.0.3\componentframework\debug\componen.614c2865.tlog\cl.command.1.tlog
c:\users\alimg\desktop\second year\second semester\graphics\componentframework1.0.3\componentframework\debug\componen.614c2865.tlog\cl.read.1.tlog
c:\users\alimg\desktop\second year\second semester\graphics\componentframework1.0.3\componentframework\debug\componen.614c2865.tlog\cl.write.1.tlog
c:\users\alimg\desktop\second year\second semester\graphics\componentframework1.0.3\componentframework\debug\componen.614c2865.tlog\link.command.1.tlog
c:\users\alimg\desktop\second year\second semester\graphics\componentframework1.0.3\componentframework\debug\componen.614c2865.tlog\link.read.1.tlog
c:\users\alimg\desktop\second year\second semester\graphics\componentframework1.0.3\componentframework\debug\componen.614c2865.tlog\link.write.1.tlog
